<?xml version="1.0" encoding="UTF-8"?>
<!-- Generated by org.testng.reporters.JUnitReportReporter -->
<testsuite hostname="USHYDDRAKESH1" failures="0" tests="2" name="runners.UnitObjectTypeManagementTestRunner" time="119.377" errors="0" timestamp="07 Aug 2019 08:24:28 GMT" skipped="0">
  <testcase classname="runners.UnitObjectTypeManagementTestRunner" name="writeExtentReport" time="0.025"/>
  <testcase classname="runners.UnitObjectTypeManagementTestRunner" name="feature" time="119.352"/>
</testsuite> <!-- runners.UnitObjectTypeManagementTestRunner -->
