<?xml version="1.0" encoding="UTF-8"?>
<!-- Generated by org.testng.reporters.JUnitReportReporter -->
<testsuite hostname="USHYDDRAKESH1" failures="0" tests="2" name="runners.BrandManagementTestRunner" time="83.168" errors="0" timestamp="15 Jul 2019 09:37:29 GMT" skipped="0">
  <testcase classname="runners.BrandManagementTestRunner" name="feature" time="83.145"/>
  <testcase classname="runners.BrandManagementTestRunner" name="writeExtentReport" time="0.023"/>
</testsuite> <!-- runners.BrandManagementTestRunner -->
