<?xml version="1.0" encoding="UTF-8"?>
<!-- Generated by org.testng.reporters.JUnitReportReporter -->
<testsuite hostname="USHYDDRAKESH1" failures="0" tests="2" name="runners.ProgramManagementTestRunner" time="81.673" errors="0" timestamp="16 Jul 2019 09:25:30 GMT" skipped="0">
  <testcase classname="runners.ProgramManagementTestRunner" name="feature" time="81.649"/>
  <testcase classname="runners.ProgramManagementTestRunner" name="writeExtentReport" time="0.024"/>
</testsuite> <!-- runners.ProgramManagementTestRunner -->
